

Started GET "/" for 127.0.0.1 at 2014-06-01 03:01:37 +0100
Processing by Rails::WelcomeController#index as HTML
  Rendered C:/Ruby200/lib/ruby/gems/2.0.0/gems/railties-4.1.0/lib/rails/templates/rails/welcome/index.html.erb (0.0ms)
Completed 200 OK in 63ms (Views: 31.3ms)


Started GET "/" for 127.0.0.1 at 2014-06-01 03:05:00 +0100
Processing by ShopController#index as HTML
  Rendered shop/_product.html.erb (0.0ms)
  Rendered shop/_product.html.erb (0.0ms)
  Rendered shop/_product.html.erb (0.0ms)
  Rendered shop/_product.html.erb (0.0ms)
  Rendered shop/_product.html.erb (0.0ms)
  Rendered shop/_product.html.erb (0.0ms)
  Rendered shop/_product.html.erb (0.0ms)
  Rendered shop/_product.html.erb (0.0ms)
  Rendered shop/_product.html.erb (0.0ms)
  Rendered shop/_product.html.erb (0.0ms)
  Rendered shop/_product.html.erb (0.0ms)
  Rendered shop/index.html.erb within layouts/application (46.9ms)
Completed 200 OK in 78ms (Views: 62.5ms)


Started GET "/" for 127.0.0.1 at 2014-06-01 03:06:46 +0100
Processing by ShopController#index as HTML
  Rendered shop/_product.html.erb (0.0ms)
  Rendered shop/_product.html.erb (0.0ms)
  Rendered shop/_product.html.erb (0.0ms)
  Rendered shop/_product.html.erb (0.0ms)
  Rendered shop/_product.html.erb (0.0ms)
  Rendered shop/_product.html.erb (0.0ms)
  Rendered shop/_product.html.erb (0.0ms)
  Rendered shop/_product.html.erb (0.0ms)
  Rendered shop/_product.html.erb (0.0ms)
  Rendered shop/_product.html.erb (0.0ms)
  Rendered shop/_product.html.erb (0.0ms)
  Rendered shop/index.html.erb within layouts/application (31.3ms)
Completed 200 OK in 63ms (Views: 46.9ms)


Started GET "/" for 127.0.0.1 at 2014-06-01 03:07:11 +0100
Processing by ShopController#index as HTML
  Rendered shop/_product.html.erb (0.0ms)
  Rendered shop/_product.html.erb (0.0ms)
  Rendered shop/_product.html.erb (0.0ms)
  Rendered shop/_product.html.erb (0.0ms)
  Rendered shop/_product.html.erb (0.0ms)
  Rendered shop/_product.html.erb (0.0ms)
  Rendered shop/_product.html.erb (0.0ms)
  Rendered shop/_product.html.erb (0.0ms)
  Rendered shop/_product.html.erb (0.0ms)
  Rendered shop/_product.html.erb (0.0ms)
  Rendered shop/_product.html.erb (0.0ms)
  Rendered shop/index.html.erb within layouts/application (31.3ms)
Completed 200 OK in 63ms (Views: 46.9ms)


Started GET "/" for 127.0.0.1 at 2014-06-01 03:07:12 +0100
Processing by ShopController#index as HTML
  Rendered shop/_product.html.erb (0.0ms)
  Rendered shop/_product.html.erb (0.0ms)
  Rendered shop/_product.html.erb (0.0ms)
  Rendered shop/_product.html.erb (0.0ms)
  Rendered shop/_product.html.erb (0.0ms)
  Rendered shop/_product.html.erb (0.0ms)
  Rendered shop/_product.html.erb (0.0ms)
  Rendered shop/_product.html.erb (0.0ms)
  Rendered shop/_product.html.erb (0.0ms)
  Rendered shop/_product.html.erb (0.0ms)
  Rendered shop/_product.html.erb (0.0ms)
  Rendered shop/index.html.erb within layouts/application (15.6ms)
Completed 200 OK in 31ms (Views: 31.2ms)


Started GET "/" for 127.0.0.1 at 2014-06-01 03:08:08 +0100
Processing by ShopController#index as HTML
  Rendered shop/_product.html.erb (0.0ms)
  Rendered shop/_product.html.erb (0.0ms)
  Rendered shop/_product.html.erb (0.0ms)
  Rendered shop/_product.html.erb (0.0ms)
  Rendered shop/_product.html.erb (0.0ms)
  Rendered shop/_product.html.erb (0.0ms)
  Rendered shop/_product.html.erb (0.0ms)
  Rendered shop/_product.html.erb (0.0ms)
  Rendered shop/_product.html.erb (0.0ms)
  Rendered shop/_product.html.erb (0.0ms)
  Rendered shop/_product.html.erb (0.0ms)
  Rendered shop/index.html.erb within layouts/application (31.3ms)
Completed 200 OK in 78ms (Views: 62.5ms)


Started GET "/assets/shop.css?body=1" for 127.0.0.1 at 2014-06-01 03:08:09 +0100


Started GET "/assets/application.css?body=1" for 127.0.0.1 at 2014-06-01 03:08:09 +0100


Started GET "/assets/shop.js?body=1" for 127.0.0.1 at 2014-06-01 03:08:09 +0100


Started GET "/assets/application.js?body=1" for 127.0.0.1 at 2014-06-01 03:08:09 +0100


Started GET "/assets/button_left_off.PNG" for 127.0.0.1 at 2014-06-01 03:08:09 +0100


Started GET "/assets/top_line_right.PNG" for 127.0.0.1 at 2014-06-01 03:08:09 +0100


Started GET "/assets/top_line_left.PNG" for 127.0.0.1 at 2014-06-01 03:08:09 +0100


Started GET "/assets/top_line.PNG" for 127.0.0.1 at 2014-06-01 03:08:09 +0100


Started GET "/assets/button_right_on.PNG" for 127.0.0.1 at 2014-06-01 03:08:09 +0100


Started GET "/assets/bottom_line.PNG" for 127.0.0.1 at 2014-06-01 03:08:09 +0100


Started GET "/assets/bottom_line_right.PNG" for 127.0.0.1 at 2014-06-01 03:08:09 +0100


Started GET "/assets/bottom_line_left.PNG" for 127.0.0.1 at 2014-06-01 03:08:09 +0100


Started GET "/assets/button_left_on.PNG" for 127.0.0.1 at 2014-06-01 03:08:12 +0100
